#
# There is insufficient memory for the Java Runtime Environment to continue.
# Native memory allocation (malloc) failed to allocate 445296 bytes for Chunk::new
# Possible reasons:
#   The system is out of physical RAM or swap space
#   The process is running with CompressedOops enabled, and the Java Heap may be blocking the growth of the native heap
# Possible solutions:
#   Reduce memory load on the system
#   Increase physical memory or swap space
#   Check if swap backing store is full
#   Decrease Java heap size (-Xmx/-Xms)
#   Decrease number of Java threads
#   Decrease Java thread stack sizes (-Xss)
#   Set larger code cache with -XX:ReservedCodeCacheSize=
#   JVM is running with Unscaled Compressed Oops mode in which the Java heap is
#     placed in the first 4GB address space. The Java Heap base address is the
#     maximum limit for the native heap growth. Please use -XX:HeapBaseMinAddress
#     to set the Java Heap base and to place the Java Heap above 4GB virtual address.
# This output file may be truncated or incomplete.
#
#  Out of Memory Error (allocation.cpp:389), pid=6148, tid=0x00000000000007b4
#
# JRE version: Java(TM) SE Runtime Environment (8.0_241-b07) (build 1.8.0_241-b07)
# Java VM: Java HotSpot(TM) 64-Bit Server VM (25.241-b07 mixed mode windows-amd64 compressed oops)
# Failed to write core dump. Minidumps are not enabled by default on client versions of Windows
#

---------------  T H R E A D  ---------------

Current thread (0x00000000142f5800):  JavaThread "C2 CompilerThread1" daemon [_thread_in_native, id=1972, stack(0x0000000015f40000,0x0000000016040000)]

Stack: [0x0000000015f40000,0x0000000016040000]
[error occurred during error reporting (printing stack bounds), id 0xc0000005]

Native frames: (J=compiled Java code, j=interpreted, Vv=VM code, C=native code)


Current CompileTask:
C2:   2495 1012   !   4       sun.net.www.ParseUtil::decode (316 bytes)


---------------  P R O C E S S  ---------------

Java Threads: ( => current thread )
  0x000000001431d800 JavaThread "Service Thread" daemon [_thread_blocked, id=8988, stack(0x0000000016140000,0x0000000016240000)]
  0x00000000142f8000 JavaThread "C1 CompilerThread2" daemon [_thread_blocked, id=4332, stack(0x0000000016040000,0x0000000016140000)]
=>0x00000000142f5800 JavaThread "C2 CompilerThread1" daemon [_thread_in_native, id=1972, stack(0x0000000015f40000,0x0000000016040000)]
  0x0000000015983000 JavaThread "C2 CompilerThread0" daemon [_thread_blocked, id=8264, stack(0x0000000015e40000,0x0000000015f40000)]
  0x00000000142e9800 JavaThread "Monitor Ctrl-Break" daemon [_thread_in_native, id=5184, stack(0x0000000015d40000,0x0000000015e40000)]
  0x00000000142c5800 JavaThread "Attach Listener" daemon [_thread_blocked, id=7428, stack(0x0000000015840000,0x0000000015940000)]
  0x00000000142c4000 JavaThread "Signal Dispatcher" daemon [_thread_blocked, id=1448, stack(0x0000000015740000,0x0000000015840000)]
  0x00000000025ec800 JavaThread "Finalizer" daemon [_thread_blocked, id=4248, stack(0x0000000015530000,0x0000000015630000)]
  0x00000000025e3000 JavaThread "Reference Handler" daemon [_thread_blocked, id=7316, stack(0x0000000015430000,0x0000000015530000)]
  0x00000000024f2800 JavaThread "main" [_thread_blocked, id=7348, stack(0x0000000002280000,0x0000000002380000)]

Other Threads:
  0x0000000014288000 VMThread [stack: 0x0000000015330000,0x0000000015430000] [id=8216]
  0x0000000015a08800 WatcherThread [stack: 0x0000000016240000,0x0000000016340000] [id=6368]

VM state:at safepoint (normal execution)

VM Mutex/Monitor currently owned by a thread:  ([mutex/lock_event])
[0x00000000001de6c0] Threads_lock - owner thread: 0x0000000014288000
[0x00000000024f0150] Heap_lock - owner thread: 0x00000000024f2800

heap address: 0x00000000d1200000, size: 750 MB, Compressed Oops mode: 32-bit
Narrow klass base: 0x0000000000000000, Narrow klass shift: 3
Compressed class space size: 1073741824 Address: 0x0000000100000000

Heap:
 PSYoungGen      total 26624K, used 2033K [0x00000000f0600000, 0x00000000f2200000, 0x0000000100000000)
  eden space 24576K, 0% used [0x00000000f0600000,0x00000000f0600000,0x00000000f1e00000)
  from space 2048K, 99% used [0x00000000f1e00000,0x00000000f1ffc5c0,0x00000000f2000000)
  to   space 2048K, 0% used [0x00000000f2000000,0x00000000f2000000,0x00000000f2200000)
 ParOldGen       total 32768K, used 6279K [0x00000000d1200000, 0x00000000d3200000, 0x00000000f0600000)
  object space 32768K, 19% used [0x00000000d1200000,0x00000000d1821f00,0x00000000d3200000)
 Metaspace       used 11524K, capacity 11662K, committed 11776K, reserved 1067008K
  class space    used 1394K, capacity 1478K, committed 1536K, reserved 1048576K

Card table byte_map: [0x00000000119b0000,0x0000000011b30000] byte_map_base: 0x0000000011327000

Marking Bits: (ParMarkBitMap*) 0x00000000611ebe30
 Begin Bits: [0x0000000012030000, 0x0000000012be8000)
 End Bits:   [0x0000000012be8000, 0x00000000137a0000)

Polling page: 0x00000000001c0000

CodeCache: size=245760Kb used=4084Kb max_used=4084Kb free=241675Kb
 bounds [0x00000000025f0000, 0x00000000029f0000, 0x00000000115f0000]
 total_blobs=1348 nmethods=1009 adapters=251
 compilation: disabled (not enough contiguous free space left)

Compilation events (10 events):
Event: 2.400 Thread 0x00000000142f8000 nmethod 1008 0x00000000029ebed0 code [0x00000000029ec280, 0x00000000029edfb8]
Event: 2.404 Thread 0x00000000142f8000 1009       3       com.google.inject.internal.AbstractBindingBuilder::checkNotTargetted (26 bytes)
Event: 2.405 Thread 0x00000000142f8000 nmethod 1009 0x00000000029ef210 code [0x00000000029ef380, 0x00000000029ef768]
Event: 2.405 Thread 0x00000000142f8000 1010       3       java.lang.Class::isAnnotation (17 bytes)
Event: 2.406 Thread 0x00000000142f8000 nmethod 1010 0x00000000029efa90 code [0x00000000029efc00, 0x00000000029efe68]
Event: 2.410 Thread 0x0000000015983000 1011       4       java.util.zip.Inflater::ensureOpen (47 bytes)
Event: 2.410 Thread 0x0000000015983000 

Event: 2.413 Thread 0x00000000142f5800 1012   !   4       sun.net.www.ParseUtil::decode (316 bytes)
Event: 2.413 Thread 0x00000000142f8000 1013       3       java.lang.Class::copyFields (36 bytes)
Event: 2.415 Thread 0x00000000142f8000 


GC Heap History (10 events):
Event: 1.303 GC heap after
Heap after GC invocations=1 (full 0):
 PSYoungGen      total 14336K, used 2016K [0x00000000f0600000, 0x00000000f1600000, 0x0000000100000000)
  eden space 12288K, 0% used [0x00000000f0600000,0x00000000f0600000,0x00000000f1200000)
  from space 2048K, 98% used [0x00000000f1200000,0x00000000f13f82f8,0x00000000f1400000)
  to   space 2048K, 0% used [0x00000000f1400000,0x00000000f1400000,0x00000000f1600000)
 ParOldGen       total 32768K, used 378K [0x00000000d1200000, 0x00000000d3200000, 0x00000000f0600000)
  object space 32768K, 1% used [0x00000000d1200000,0x00000000d125eb70,0x00000000d3200000)
 Metaspace       used 5932K, capacity 6044K, committed 6144K, reserved 1056768K
  class space    used 647K, capacity 696K, committed 768K, reserved 1048576K
}
Event: 1.608 GC heap before
{Heap before GC invocations=2 (full 0):
 PSYoungGen      total 14336K, used 14304K [0x00000000f0600000, 0x00000000f1600000, 0x0000000100000000)
  eden space 12288K, 100% used [0x00000000f0600000,0x00000000f1200000,0x00000000f1200000)
  from space 2048K, 98% used [0x00000000f1200000,0x00000000f13f82f8,0x00000000f1400000)
  to   space 2048K, 0% used [0x00000000f1400000,0x00000000f1400000,0x00000000f1600000)
 ParOldGen       total 32768K, used 378K [0x00000000d1200000, 0x00000000d3200000, 0x00000000f0600000)
  object space 32768K, 1% used [0x00000000d1200000,0x00000000d125eb70,0x00000000d3200000)
 Metaspace       used 8230K, capacity 8348K, committed 8448K, reserved 1056768K
  class space    used 956K, capacity 1016K, committed 1024K, reserved 1048576K
Event: 1.614 GC heap after
Heap after GC invocations=2 (full 0):
 PSYoungGen      total 14336K, used 2048K [0x00000000f0600000, 0x00000000f2200000, 0x0000000100000000)
  eden space 12288K, 0% used [0x00000000f0600000,0x00000000f0600000,0x00000000f1200000)
  from space 2048K, 100% used [0x00000000f1400000,0x00000000f1600000,0x00000000f1600000)
  to   space 2048K, 0% used [0x00000000f1200000,0x00000000f1200000,0x00000000f1400000)
 ParOldGen       total 32768K, used 1635K [0x00000000d1200000, 0x00000000d3200000, 0x00000000f0600000)
  object space 32768K, 4% used [0x00000000d1200000,0x00000000d1398e28,0x00000000d3200000)
 Metaspace       used 8230K, capacity 8348K, committed 8448K, reserved 1056768K
  class space    used 956K, capacity 1016K, committed 1024K, reserved 1048576K
}
Event: 1.866 GC heap before
{Heap before GC invocations=3 (full 0):
 PSYoungGen      total 14336K, used 14336K [0x00000000f0600000, 0x00000000f2200000, 0x0000000100000000)
  eden space 12288K, 100% used [0x00000000f0600000,0x00000000f1200000,0x00000000f1200000)
  from space 2048K, 100% used [0x00000000f1400000,0x00000000f1600000,0x00000000f1600000)
  to   space 2048K, 0% used [0x00000000f1200000,0x00000000f1200000,0x00000000f1400000)
 ParOldGen       total 32768K, used 1635K [0x00000000d1200000, 0x00000000d3200000, 0x00000000f0600000)
  object space 32768K, 4% used [0x00000000d1200000,0x00000000d1398e28,0x00000000d3200000)
 Metaspace       used 8845K, capacity 8988K, committed 9088K, reserved 1056768K
  class space    used 1065K, capacity 1144K, committed 1152K, reserved 1048576K
Event: 1.873 GC heap after
Heap after GC invocations=3 (full 0):
 PSYoungGen      total 14336K, used 2016K [0x00000000f0600000, 0x00000000f2200000, 0x0000000100000000)
  eden space 12288K, 0% used [0x00000000f0600000,0x00000000f0600000,0x00000000f1200000)
  from space 2048K, 98% used [0x00000000f1200000,0x00000000f13f8020,0x00000000f1400000)
  to   space 2048K, 0% used [0x00000000f2000000,0x00000000f2000000,0x00000000f2200000)
 ParOldGen       total 32768K, used 2365K [0x00000000d1200000, 0x00000000d3200000, 0x00000000f0600000)
  object space 32768K, 7% used [0x00000000d1200000,0x00000000d144f550,0x00000000d3200000)
 Metaspace       used 8845K, capacity 8988K, committed 9088K, reserved 1056768K
  class space    used 1065K, capacity 1144K, committed 1152K, reserved 1048576K
}
Event: 2.119 GC heap before
{Heap before GC invocations=4 (full 0):
 PSYoungGen      total 14336K, used 14304K [0x00000000f0600000, 0x00000000f2200000, 0x0000000100000000)
  eden space 12288K, 100% used [0x00000000f0600000,0x00000000f1200000,0x00000000f1200000)
  from space 2048K, 98% used [0x00000000f1200000,0x00000000f13f8020,0x00000000f1400000)
  to   space 2048K, 0% used [0x00000000f2000000,0x00000000f2000000,0x00000000f2200000)
 ParOldGen       total 32768K, used 2365K [0x00000000d1200000, 0x00000000d3200000, 0x00000000f0600000)
  object space 32768K, 7% used [0x00000000d1200000,0x00000000d144f550,0x00000000d3200000)
 Metaspace       used 9737K, capacity 9938K, committed 10240K, reserved 1058816K
  class space    used 1168K, capacity 1244K, committed 1280K, reserved 1048576K
Event: 2.126 GC heap after
Heap after GC invocations=4 (full 0):
 PSYoungGen      total 26624K, used 2016K [0x00000000f0600000, 0x00000000f2200000, 0x0000000100000000)
  eden space 24576K, 0% used [0x00000000f0600000,0x00000000f0600000,0x00000000f1e00000)
  from space 2048K, 98% used [0x00000000f2000000,0x00000000f21f8020,0x00000000f2200000)
  to   space 2048K, 0% used [0x00000000f1e00000,0x00000000f1e00000,0x00000000f2000000)
 ParOldGen       total 32768K, used 3805K [0x00000000d1200000, 0x00000000d3200000, 0x00000000f0600000)
  object space 32768K, 11% used [0x00000000d1200000,0x00000000d15b7600,0x00000000d3200000)
 Metaspace       used 9737K, capacity 9938K, committed 10240K, reserved 1058816K
  class space    used 1168K, capacity 1244K, committed 1280K, reserved 1048576K
}
Event: 2.475 GC heap before
{Heap before GC invocations=5 (full 0):
 PSYoungGen      total 26624K, used 20854K [0x00000000f0600000, 0x00000000f2200000, 0x0000000100000000)
  eden space 24576K, 76% used [0x00000000f0600000,0x00000000f1865bb8,0x00000000f1e00000)
  from space 2048K, 98% used [0x00000000f2000000,0x00000000f21f8020,0x00000000f2200000)
  to   space 2048K, 0% used [0x00000000f1e00000,0x00000000f1e00000,0x00000000f2000000)
 ParOldGen       total 32768K, used 3805K [0x00000000d1200000, 0x00000000d3200000, 0x00000000f0600000)
  object space 32768K, 11% used [0x00000000d1200000,0x00000000d15b7600,0x00000000d3200000)
 Metaspace       used 11524K, capacity 11662K, committed 11776K, reserved 1067008K
  class space    used 1394K, capacity 1478K, committed 1536K, reserved 1048576K
Event: 2.484 GC heap after
Heap after GC invocations=5 (full 0):
 PSYoungGen      total 26624K, used 2033K [0x00000000f0600000, 0x00000000f2200000, 0x0000000100000000)
  eden space 24576K, 0% used [0x00000000f0600000,0x00000000f0600000,0x00000000f1e00000)
  from space 2048K, 99% used [0x00000000f1e00000,0x00000000f1ffc5c0,0x00000000f2000000)
  to   space 2048K, 0% used [0x00000000f2000000,0x00000000f2000000,0x00000000f2200000)
 ParOldGen       total 32768K, used 6279K [0x00000000d1200000, 0x00000000d3200000, 0x00000000f0600000)
  object space 32768K, 19% used [0x00000000d1200000,0x00000000d1821f00,0x00000000d3200000)
 Metaspace       used 11524K, capacity 11662K, committed 11776K, reserved 1067008K
  class space    used 1394K, capacity 1478K, committed 1536K, reserved 1048576K
}
Event: 2.484 GC heap before
{Heap before GC invocations=6 (full 1):
 PSYoungGen      total 26624K, used 2033K [0x00000000f0600000, 0x00000000f2200000, 0x0000000100000000)
  eden space 24576K, 0% used [0x00000000f0600000,0x00000000f0600000,0x00000000f1e00000)
  from space 2048K, 99% used [0x00000000f1e00000,0x00000000f1ffc5c0,0x00000000f2000000)
  to   space 2048K, 0% used [0x00000000f2000000,0x00000000f2000000,0x00000000f2200000)
 ParOldGen       total 32768K, used 6279K [0x00000000d1200000, 0x00000000d3200000, 0x00000000f0600000)
  object space 32768K, 19% used [0x00000000d1200000,0x00000000d1821f00,0x00000000d3200000)
 Metaspace       used 11524K, capacity 11662K, committed 11776K, reserved 1067008K
  class space    used 1394K, capacity 1478K, committed 1536K, reserved 1048576K

Deoptimization events (8 events):
Event: 1.659 Thread 0x00000000024f2800 Uncommon trap: reason=unstable_if action=reinterpret pc=0x000000000289dc78 method=java.util.HashMap.getNode(ILjava/lang/Object;)Ljava/util/HashMap$Node; @ 129
Event: 1.672 Thread 0x00000000024f2800 Uncommon trap: reason=unstable_if action=reinterpret pc=0x0000000002804ce4 method=org.codehaus.plexus.util.xml.pull.MXParser.more()C @ 8
Event: 1.746 Thread 0x00000000024f2800 Uncommon trap: reason=unstable_if action=reinterpret pc=0x00000000028ea140 method=sun.nio.cs.StreamDecoder.implRead([CII)I @ 71
Event: 1.856 Thread 0x00000000024f2800 Uncommon trap: reason=unstable_if action=reinterpret pc=0x00000000028f3760 method=sun.nio.cs.StreamDecoder.implRead([CII)I @ 197
Event: 1.874 Thread 0x00000000024f2800 Uncommon trap: reason=unstable_if action=reinterpret pc=0x0000000002900db0 method=org.codehaus.plexus.util.xml.pull.MXParser.nextImpl()I @ 1046
Event: 1.880 Thread 0x00000000024f2800 Uncommon trap: reason=unstable_if action=reinterpret pc=0x00000000028ef52c method=java.io.Reader.read()I @ 12
Event: 1.960 Thread 0x00000000024f2800 Uncommon trap: reason=unstable_if action=reinterpret pc=0x00000000028aa980 method=java.util.HashMap.getNode(ILjava/lang/Object;)Ljava/util/HashMap$Node; @ 129
Event: 1.976 Thread 0x00000000024f2800 Uncommon trap: reason=range_check action=make_not_entrant pc=0x000000000293d860 method=sun.reflect.generics.parser.SignatureParser.current()C @ 34

Classes redefined (0 events):
No events

Internal exceptions (10 events):
Event: 0.437 Thread 0x00000000024f2800 Exception <a 'java/security/PrivilegedActionException'> (0x00000000f0a8fa68) thrown at [C:\ade\jenkins\workspace\8-2-build-windows-amd64-cygwin\jdk8u241\331\hotspot\src\share\vm\prims\jvm.cpp, line 1502]
Event: 0.437 Thread 0x00000000024f2800 Exception <a 'java/security/PrivilegedActionException'> (0x00000000f0a8fe60) thrown at [C:\ade\jenkins\workspace\8-2-build-windows-amd64-cygwin\jdk8u241\331\hotspot\src\share\vm\prims\jvm.cpp, line 1502]
Event: 0.438 Thread 0x00000000024f2800 Exception <a 'java/security/PrivilegedActionException'> (0x00000000f0a93f58) thrown at [C:\ade\jenkins\workspace\8-2-build-windows-amd64-cygwin\jdk8u241\331\hotspot\src\share\vm\prims\jvm.cpp, line 1502]
Event: 0.438 Thread 0x00000000024f2800 Exception <a 'java/security/PrivilegedActionException'> (0x00000000f0a94350) thrown at [C:\ade\jenkins\workspace\8-2-build-windows-amd64-cygwin\jdk8u241\331\hotspot\src\share\vm\prims\jvm.cpp, line 1502]
Event: 1.643 Thread 0x00000000024f2800 Exception <a 'java/lang/ArrayIndexOutOfBoundsException'> (0x00000000f07cc2d8) thrown at [C:\ade\jenkins\workspace\8-2-build-windows-amd64-cygwin\jdk8u241\331\hotspot\src\share\vm\runtime\sharedRuntime.cpp, line 605]
Event: 1.647 Thread 0x00000000024f2800 Exception <a 'java/lang/ArrayIndexOutOfBoundsException'> (0x00000000f07ed988) thrown at [C:\ade\jenkins\workspace\8-2-build-windows-amd64-cygwin\jdk8u241\331\hotspot\src\share\vm\runtime\sharedRuntime.cpp, line 605]
Event: 1.657 Thread 0x00000000024f2800 Exception <a 'java/lang/ArrayIndexOutOfBoundsException'> (0x00000000f08369e0) thrown at [C:\ade\jenkins\workspace\8-2-build-windows-amd64-cygwin\jdk8u241\331\hotspot\src\share\vm\runtime\sharedRuntime.cpp, line 605]
Event: 1.881 Thread 0x00000000024f2800 Exception <a 'java/lang/ArrayIndexOutOfBoundsException'> (0x00000000f06721a0) thrown at [C:\ade\jenkins\workspace\8-2-build-windows-amd64-cygwin\jdk8u241\331\hotspot\src\share\vm\runtime\sharedRuntime.cpp, line 605]
Event: 1.883 Thread 0x00000000024f2800 Exception <a 'java/lang/ArrayIndexOutOfBoundsException'> (0x00000000f0676b00) thrown at [C:\ade\jenkins\workspace\8-2-build-windows-amd64-cygwin\jdk8u241\331\hotspot\src\share\vm\runtime\sharedRuntime.cpp, line 605]
Event: 1.976 Thread 0x00000000024f2800 Exception <a 'java/lang/ArrayIndexOutOfBoundsException': 66> (0x00000000f0a31220) thrown at [C:\ade\jenkins\workspace\8-2-build-windows-amd64-cygwin\jdk8u241\331\hotspot\src\share\vm\interpreter\interpreterRuntime.cpp, line 368]

Events (10 events):
Event: 2.471 loading class org/apache/maven/plugin/DefaultPluginRealmCache done
Event: 2.472 loading class org/apache/maven/plugin/PluginRealmCache$Key
Event: 2.472 loading class org/apache/maven/plugin/PluginRealmCache$Key done
Event: 2.472 loading class org/apache/maven/plugin/PluginRealmCache$CacheRecord
Event: 2.472 loading class org/apache/maven/plugin/PluginRealmCache$CacheRecord done
Event: 2.473 loading class org/apache/maven/project/inheritance/DefaultModelInheritanceAssembler
Event: 2.473 loading class org/apache/maven/project/inheritance/DefaultModelInheritanceAssembler done
Event: 2.473 loading class org/apache/maven/project/inheritance/DefaultModelInheritanceAssembler
Event: 2.473 loading class org/apache/maven/project/inheritance/DefaultModelInheritanceAssembler done
Event: 2.475 Executing VM operation: CollectForMetadataAllocation


Dynamic libraries:
0x00007ff708110000 - 0x00007ff708147000 	C:\Program Files\Java\jdk1.8.0_241\bin\java.exe
0x00007fffd1340000 - 0x00007fffd1530000 	C:\WINDOWS\SYSTEM32\ntdll.dll
0x00007fffd0ae0000 - 0x00007fffd0b92000 	C:\WINDOWS\System32\KERNEL32.DLL
0x00007fffcea50000 - 0x00007fffcecf5000 	C:\WINDOWS\System32\KERNELBASE.dll
0x00007fffcfb50000 - 0x00007fffcfbf3000 	C:\WINDOWS\System32\ADVAPI32.dll
0x00007fffcf490000 - 0x00007fffcf52e000 	C:\WINDOWS\System32\msvcrt.dll
0x00007fffd1060000 - 0x00007fffd10f7000 	C:\WINDOWS\System32\sechost.dll
0x00007fffcff30000 - 0x00007fffd0050000 	C:\WINDOWS\System32\RPCRT4.dll
0x00007fffcfc00000 - 0x00007fffcfd95000 	C:\WINDOWS\System32\USER32.dll
0x00007fffcf250000 - 0x00007fffcf271000 	C:\WINDOWS\System32\win32u.dll
0x00007fffd0890000 - 0x00007fffd08b6000 	C:\WINDOWS\System32\GDI32.dll
0x00007fffcf0b0000 - 0x00007fffcf246000 	C:\WINDOWS\System32\gdi32full.dll
0x00007fffcf280000 - 0x00007fffcf31e000 	C:\WINDOWS\System32\msvcp_win.dll
0x00007fffcedb0000 - 0x00007fffceeaa000 	C:\WINDOWS\System32\ucrtbase.dll
0x00007fffbd9e0000 - 0x00007fffbdc64000 	C:\WINDOWS\WinSxS\amd64_microsoft.windows.common-controls_6595b64144ccf1df_6.0.18362.1082_none_9e8193e1e45b25c1\COMCTL32.dll
0x00007fffd0d20000 - 0x00007fffd1055000 	C:\WINDOWS\System32\combase.dll
0x00007fffceee0000 - 0x00007fffcef60000 	C:\WINDOWS\System32\bcryptPrimitives.dll
0x00007fffd12d0000 - 0x00007fffd12fe000 	C:\WINDOWS\System32\IMM32.DLL
0x0000000061270000 - 0x0000000061342000 	C:\Program Files\Java\jdk1.8.0_241\jre\bin\msvcr100.dll
0x00000000609c0000 - 0x000000006126c000 	C:\Program Files\Java\jdk1.8.0_241\jre\bin\server\jvm.dll
0x00007fffcf3f0000 - 0x00007fffcf3f8000 	C:\WINDOWS\System32\PSAPI.DLL
0x00007fffcb770000 - 0x00007fffcb794000 	C:\WINDOWS\SYSTEM32\WINMM.dll
0x00007fffc4b10000 - 0x00007fffc4b19000 	C:\WINDOWS\SYSTEM32\WSOCK32.dll
0x00007fffd1100000 - 0x00007fffd116f000 	C:\WINDOWS\System32\WS2_32.dll
0x00007fffc6a60000 - 0x00007fffc6a6a000 	C:\WINDOWS\SYSTEM32\VERSION.dll
0x00007fffcb740000 - 0x00007fffcb76d000 	C:\WINDOWS\SYSTEM32\winmmbase.dll
0x00007fffcf3a0000 - 0x00007fffcf3ea000 	C:\WINDOWS\System32\cfgmgr32.dll
0x00007fffcb840000 - 0x00007fffcb84f000 	C:\Program Files\Java\jdk1.8.0_241\jre\bin\verify.dll
0x00007fffc3ac0000 - 0x00007fffc3ae9000 	C:\Program Files\Java\jdk1.8.0_241\jre\bin\java.dll
0x00007fffbc560000 - 0x00007fffbc583000 	C:\Program Files\Java\jdk1.8.0_241\jre\bin\instrument.dll
0x00007fffcb7b0000 - 0x00007fffcb7c6000 	C:\Program Files\Java\jdk1.8.0_241\jre\bin\zip.dll
0x00007fffd0050000 - 0x00007fffd0737000 	C:\WINDOWS\System32\SHELL32.dll
0x00007fffcfda0000 - 0x00007fffcfe49000 	C:\WINDOWS\System32\shcore.dll
0x00007fffce2d0000 - 0x00007fffcea50000 	C:\WINDOWS\System32\windows.storage.dll
0x00007fffce2a0000 - 0x00007fffce2c3000 	C:\WINDOWS\System32\profapi.dll
0x00007fffce210000 - 0x00007fffce25a000 	C:\WINDOWS\System32\powrprof.dll
0x00007fffce200000 - 0x00007fffce210000 	C:\WINDOWS\System32\UMPDC.dll
0x00007fffd0830000 - 0x00007fffd0882000 	C:\WINDOWS\System32\shlwapi.dll
0x00007fffce280000 - 0x00007fffce291000 	C:\WINDOWS\System32\kernel.appcore.dll
0x00007fffcf380000 - 0x00007fffcf397000 	C:\WINDOWS\System32\cryptsp.dll
0x0000000062350000 - 0x0000000062361000 	C:\Program Files\Common Files\Crypto Pro\AppCompat\cpadvai.dll
0x0000000062370000 - 0x0000000062377000 	C:\Program Files\Common Files\Crypto Pro\AppCompat\detoured.dll
0x00007fffc4a40000 - 0x00007fffc4a5a000 	C:\Program Files\JetBrains\IntelliJ IDEA 2020.2.1\bin\breakgen64.dll
0x00007fffbbb50000 - 0x00007fffbbb6a000 	C:\Program Files\Java\jdk1.8.0_241\jre\bin\net.dll
0x00007fffcd570000 - 0x00007fffcd5d7000 	C:\WINDOWS\system32\mswsock.dll
0x00007fffcd0e0000 - 0x00007fffcd113000 	C:\WINDOWS\system32\rsaenh.dll
0x00007fffceeb0000 - 0x00007fffceed6000 	C:\WINDOWS\System32\bcrypt.dll
0x00007fffce120000 - 0x00007fffce145000 	C:\WINDOWS\SYSTEM32\USERENV.dll
0x00007fffcdbc0000 - 0x00007fffcdbcc000 	C:\WINDOWS\SYSTEM32\CRYPTBASE.dll
0x00007fffcd280000 - 0x00007fffcd2ba000 	C:\WINDOWS\SYSTEM32\IPHLPAPI.DLL
0x00007fffcf400000 - 0x00007fffcf408000 	C:\WINDOWS\System32\NSI.dll
0x00007fffc57b0000 - 0x00007fffc57c6000 	C:\WINDOWS\SYSTEM32\dhcpcsvc6.DLL
0x00007fffc5790000 - 0x00007fffc57ac000 	C:\WINDOWS\SYSTEM32\dhcpcsvc.DLL
0x00007fffcd2c0000 - 0x00007fffcd38b000 	C:\WINDOWS\SYSTEM32\DNSAPI.dll
0x00007fffb9cc0000 - 0x00007fffb9cd2000 	C:\Program Files\Java\jdk1.8.0_241\jre\bin\nio.dll
0x00007fffc6850000 - 0x00007fffc685a000 	C:\Users\chugu\AppData\Local\Temp\jansi-1.17.1-7338614029982646945.dll
0x00007fffc4b40000 - 0x00007fffc4b4a000 	C:\Users\chugu\AppData\Local\Temp\jansi-1.17.1-3232681640773965341.dll

VM Arguments:
jvm_args: -Dmaven.multiModuleProjectDirectory=C:\Users\chugu\IdeaProjects\CoreTaskTemplate-master -Dmaven.home=C:\Program Files\JetBrains\IntelliJ IDEA Community Edition 2019.3.4\plugins\maven\lib\maven3 -Dclassworlds.conf=C:\Program Files\JetBrains\IntelliJ IDEA Community Edition 2019.3.4\plugins\maven\lib\maven3\bin\m2.conf -Dmaven.ext.class.path=C:\Program Files\JetBrains\IntelliJ IDEA 2020.2.1\plugins\maven\lib\maven-event-listener.jar -javaagent:C:\Program Files\JetBrains\IntelliJ IDEA 2020.2.1\lib\idea_rt.jar=54750:C:\Program Files\JetBrains\IntelliJ IDEA 2020.2.1\bin -Dfile.encoding=UTF-8 
java_command: org.codehaus.classworlds.Launcher -Didea.version=2020.2.1 compile
java_class_path (initial): C:\Program Files\JetBrains\IntelliJ IDEA Community Edition 2019.3.4\plugins\maven\lib\maven3\boot\plexus-classworlds-2.6.0.jar;C:\Program Files\JetBrains\IntelliJ IDEA Community Edition 2019.3.4\plugins\maven\lib\maven3\boot\plexus-classworlds.license;C:\Program Files\JetBrains\IntelliJ IDEA 2020.2.1\lib\idea_rt.jar
Launcher Type: SUN_STANDARD

Environment Variables:
JAVA_HOME=C:\Program Files\Java\jdk1.8.0_241
PATH=C:\Program Files (x86)\Common Files\Oracle\Java\javapath;C:\WINDOWS\system32;C:\WINDOWS;C:\WINDOWS\System32\Wbem;C:\WINDOWS\System32\WindowsPowerShell\v1.0\;C:\WINDOWS\System32\OpenSSH\;C:\Program Files (x86)\ATI Technologies\ATI.ACE\Core-Static;"C:\Program Files (x86)\AMD\ATI.ACE\Core-Static\C:\Program Files\Java\jdk1.8.0_241\bin;%GRADLE_HOME%\bin;";C:\Program Files\Git\cmd;C:\Program Files\apache-maven-3.6.3\bin;C:\Program Files\gradle-6.6.1-bin;C:\Program Files\MySQL\MySQL Shell 8.0\bin\;C:\Users\chugu\AppData\Local\Microsoft\WindowsApps;"C:\Users\chugu\AppData\Local\Programs\Microsoft VS Code\bin;C:\Program Files\gradle-6.6.1-bin\gradle-6.6.1\bin;";
USERNAME=chugu
OS=Windows_NT
PROCESSOR_IDENTIFIER=Intel64 Family 6 Model 37 Stepping 5, GenuineIntel



---------------  S Y S T E M  ---------------

OS: Windows 10.0 , 64 bit Build 18362 (10.0.18362.1082)

CPU:total 4 (initial active 4) (2 cores per cpu, 2 threads per core) family 6 model 37 stepping 5, cmov, cx8, fxsr, mmx, sse, sse2, sse3, ssse3, sse4.1, sse4.2, popcnt, ht, tsc, tscinvbit

Memory: 4k page, physical 3070812k(274380k free), swap 4619100k(4136k free)

vm_info: Java HotSpot(TM) 64-Bit Server VM (25.241-b07) for windows-amd64 JRE (1.8.0_241-b07), built on Dec 11 2019 10:21:40 by "rejava" with MS VC++ 10.0 (VS2010)

time: Fri Sep 18 09:30:32 2020
timezone: RTZ 2 (зима)
elapsed time: 2 seconds (0d 0h 0m 2s)

