#
# There is insufficient memory for the Java Runtime Environment to continue.
# Native memory allocation (malloc) failed to allocate 1048576 bytes for AllocateHeap
# Possible reasons:
#   The system is out of physical RAM or swap space
#   The process is running with CompressedOops enabled, and the Java Heap may be blocking the growth of the native heap
# Possible solutions:
#   Reduce memory load on the system
#   Increase physical memory or swap space
#   Check if swap backing store is full
#   Decrease Java heap size (-Xmx/-Xms)
#   Decrease number of Java threads
#   Decrease Java thread stack sizes (-Xss)
#   Set larger code cache with -XX:ReservedCodeCacheSize=
#   JVM is running with Unscaled Compressed Oops mode in which the Java heap is
#     placed in the first 4GB address space. The Java Heap base address is the
#     maximum limit for the native heap growth. Please use -XX:HeapBaseMinAddress
#     to set the Java Heap base and to place the Java Heap above 4GB virtual address.
# This output file may be truncated or incomplete.
#
#  Out of Memory Error (memory/allocation.inline.hpp:61), pid=4848, tid=0x0000000000001e2c
#
# JRE version:  (8.0_241-b07) (build )
# Java VM: Java HotSpot(TM) 64-Bit Server VM (25.241-b07 mixed mode windows-amd64 compressed oops)
# Failed to write core dump. Minidumps are not enabled by default on client versions of Windows
#

---------------  T H R E A D  ---------------

Current thread (0x0000000002892800):  JavaThread "Unknown thread" [_thread_in_vm, id=7724, stack(0x0000000002620000,0x0000000002720000)]

Stack: [0x0000000002620000,0x0000000002720000]
[error occurred during error reporting (printing stack bounds), id 0xc0000005]

Native frames: (J=compiled Java code, j=interpreted, Vv=VM code, C=native code)


---------------  P R O C E S S  ---------------

Java Threads: ( => current thread )

Other Threads:

=>0x0000000002892800 (exited) JavaThread "Unknown thread" [_thread_in_vm, id=7724, stack(0x0000000002620000,0x0000000002720000)]

VM state:not at safepoint (normal execution)

VM Mutex/Monitor currently owned by a thread: None

heap address: 0x00000000d1200000, size: 750 MB, Compressed Oops mode: 32-bit
Narrow klass base: 0x0000000000000000, Narrow klass shift: 3
Compressed class space size: 1073741824 Address: 0x0000000100000000

Heap:
 PSYoungGen      total 14336K, used 245K [0x00000000f0600000, 0x00000000f1600000, 0x0000000100000000)
  eden space 12288K, 2% used [0x00000000f0600000,0x00000000f063d718,0x00000000f1200000)
  from space 2048K, 0% used [0x00000000f1400000,0x00000000f1400000,0x00000000f1600000)
  to   space 2048K, 0% used [0x00000000f1200000,0x00000000f1200000,0x00000000f1400000)
 ParOldGen       total 32768K, used 0K [0x00000000d1200000, 0x00000000d3200000, 0x00000000f0600000)
  object space 32768K, 0% used [0x00000000d1200000,0x00000000d1200000,0x00000000d3200000)
 Metaspace       used 776K, capacity 4480K, committed 4480K, reserved 1056768K
  class space    used 76K, capacity 384K, committed 384K, reserved 1048576K

Card table byte_map: [0x0000000011d50000,0x0000000011ed0000] byte_map_base: 0x00000000116c7000

Marking Bits: (ParMarkBitMap*) 0x00000000611ebe30
 Begin Bits: [0x00000000123d0000, 0x0000000012f88000)
 End Bits:   [0x0000000012f88000, 0x0000000013b40000)

Polling page: 0x0000000000940000

CodeCache: size=245760Kb used=327Kb max_used=327Kb free=245432Kb
 bounds [0x0000000002990000, 0x0000000002c00000, 0x0000000011990000]
 total_blobs=57 nmethods=0 adapters=38
 compilation: enabled

Compilation events (0 events):
No events

GC Heap History (0 events):
No events

Deoptimization events (0 events):
No events

Classes redefined (0 events):
No events

Internal exceptions (0 events):
No events

Events (10 events):
Event: 0.081 loading class java/lang/Short
Event: 0.081 loading class java/lang/Short done
Event: 0.081 loading class java/lang/Integer
Event: 0.082 loading class java/lang/Integer done
Event: 0.082 loading class java/lang/Long
Event: 0.082 loading class java/lang/Long done
Event: 0.083 loading class java/lang/NullPointerException
Event: 0.083 loading class java/lang/NullPointerException done
Event: 0.083 loading class java/lang/ArithmeticException
Event: 0.083 loading class java/lang/ArithmeticException done


Dynamic libraries:
0x00007ff708110000 - 0x00007ff708147000 	C:\Program Files\Java\jdk1.8.0_241\bin\java.exe
0x00007fffd1340000 - 0x00007fffd1530000 	C:\WINDOWS\SYSTEM32\ntdll.dll
0x00007fffd0ae0000 - 0x00007fffd0b92000 	C:\WINDOWS\System32\KERNEL32.DLL
0x00007fffcea50000 - 0x00007fffcecf5000 	C:\WINDOWS\System32\KERNELBASE.dll
0x00007fffcfb50000 - 0x00007fffcfbf3000 	C:\WINDOWS\System32\ADVAPI32.dll
0x00007fffcf490000 - 0x00007fffcf52e000 	C:\WINDOWS\System32\msvcrt.dll
0x00007fffd1060000 - 0x00007fffd10f7000 	C:\WINDOWS\System32\sechost.dll
0x00007fffcff30000 - 0x00007fffd0050000 	C:\WINDOWS\System32\RPCRT4.dll
0x00007fffcfc00000 - 0x00007fffcfd95000 	C:\WINDOWS\System32\USER32.dll
0x00007fffcf250000 - 0x00007fffcf271000 	C:\WINDOWS\System32\win32u.dll
0x00007fffd0890000 - 0x00007fffd08b6000 	C:\WINDOWS\System32\GDI32.dll
0x00007fffcf0b0000 - 0x00007fffcf246000 	C:\WINDOWS\System32\gdi32full.dll
0x00007fffcf280000 - 0x00007fffcf31e000 	C:\WINDOWS\System32\msvcp_win.dll
0x00007fffcedb0000 - 0x00007fffceeaa000 	C:\WINDOWS\System32\ucrtbase.dll
0x00007fffbd9e0000 - 0x00007fffbdc64000 	C:\WINDOWS\WinSxS\amd64_microsoft.windows.common-controls_6595b64144ccf1df_6.0.18362.1082_none_9e8193e1e45b25c1\COMCTL32.dll
0x00007fffd0d20000 - 0x00007fffd1055000 	C:\WINDOWS\System32\combase.dll
0x00007fffceee0000 - 0x00007fffcef60000 	C:\WINDOWS\System32\bcryptPrimitives.dll
0x00007fffd12d0000 - 0x00007fffd12fe000 	C:\WINDOWS\System32\IMM32.DLL
0x0000000061270000 - 0x0000000061342000 	C:\Program Files\Java\jdk1.8.0_241\jre\bin\msvcr100.dll
0x00000000609c0000 - 0x000000006126c000 	C:\Program Files\Java\jdk1.8.0_241\jre\bin\server\jvm.dll
0x00007fffcf3f0000 - 0x00007fffcf3f8000 	C:\WINDOWS\System32\PSAPI.DLL
0x00007fffcb770000 - 0x00007fffcb794000 	C:\WINDOWS\SYSTEM32\WINMM.dll
0x00007fffc6a60000 - 0x00007fffc6a6a000 	C:\WINDOWS\SYSTEM32\VERSION.dll
0x00007fffc4b10000 - 0x00007fffc4b19000 	C:\WINDOWS\SYSTEM32\WSOCK32.dll
0x00007fffd1100000 - 0x00007fffd116f000 	C:\WINDOWS\System32\WS2_32.dll
0x00007fffcb740000 - 0x00007fffcb76d000 	C:\WINDOWS\SYSTEM32\winmmbase.dll
0x00007fffcf3a0000 - 0x00007fffcf3ea000 	C:\WINDOWS\System32\cfgmgr32.dll
0x00007fffcb840000 - 0x00007fffcb84f000 	C:\Program Files\Java\jdk1.8.0_241\jre\bin\verify.dll
0x00007fffc3ac0000 - 0x00007fffc3ae9000 	C:\Program Files\Java\jdk1.8.0_241\jre\bin\java.dll
0x00007fffbb880000 - 0x00007fffbb8a3000 	C:\Program Files\Java\jdk1.8.0_241\jre\bin\instrument.dll
0x00007fffcb7b0000 - 0x00007fffcb7c6000 	C:\Program Files\Java\jdk1.8.0_241\jre\bin\zip.dll

VM Arguments:
jvm_args: -Dmaven.multiModuleProjectDirectory=C:\Users\chugu\IdeaProjects\CoreTaskTemplate-master -Dmaven.home=C:\Program Files\JetBrains\IntelliJ IDEA Community Edition 2019.3.4\plugins\maven\lib\maven3 -Dclassworlds.conf=C:\Program Files\JetBrains\IntelliJ IDEA Community Edition 2019.3.4\plugins\maven\lib\maven3\bin\m2.conf -Dmaven.ext.class.path=C:\Program Files\JetBrains\IntelliJ IDEA 2020.2.1\plugins\maven\lib\maven-event-listener.jar -javaagent:C:\Program Files\JetBrains\IntelliJ IDEA 2020.2.1\lib\idea_rt.jar=54709:C:\Program Files\JetBrains\IntelliJ IDEA 2020.2.1\bin -Dfile.encoding=UTF-8 
java_command: org.codehaus.classworlds.Launcher -Didea.version=2020.2.1 clean
java_class_path (initial): C:\Program Files\JetBrains\IntelliJ IDEA Community Edition 2019.3.4\plugins\maven\lib\maven3\boot\plexus-classworlds-2.6.0.jar;C:\Program Files\JetBrains\IntelliJ IDEA Community Edition 2019.3.4\plugins\maven\lib\maven3\boot\plexus-classworlds.license;C:\Program Files\JetBrains\IntelliJ IDEA 2020.2.1\lib\idea_rt.jar
Launcher Type: SUN_STANDARD

Environment Variables:
JAVA_HOME=C:\Program Files\Java\jdk1.8.0_241
PATH=C:\Program Files (x86)\Common Files\Oracle\Java\javapath;C:\WINDOWS\system32;C:\WINDOWS;C:\WINDOWS\System32\Wbem;C:\WINDOWS\System32\WindowsPowerShell\v1.0\;C:\WINDOWS\System32\OpenSSH\;C:\Program Files (x86)\ATI Technologies\ATI.ACE\Core-Static;"C:\Program Files (x86)\AMD\ATI.ACE\Core-Static\C:\Program Files\Java\jdk1.8.0_241\bin;%GRADLE_HOME%\bin;";C:\Program Files\Git\cmd;C:\Program Files\apache-maven-3.6.3\bin;C:\Program Files\gradle-6.6.1-bin;C:\Program Files\MySQL\MySQL Shell 8.0\bin\;C:\Users\chugu\AppData\Local\Microsoft\WindowsApps;"C:\Users\chugu\AppData\Local\Programs\Microsoft VS Code\bin;C:\Program Files\gradle-6.6.1-bin\gradle-6.6.1\bin;";
USERNAME=chugu
OS=Windows_NT
PROCESSOR_IDENTIFIER=Intel64 Family 6 Model 37 Stepping 5, GenuineIntel



---------------  S Y S T E M  ---------------

OS: Windows 10.0 , 64 bit Build 18362 (10.0.18362.1082)

CPU:total 4 (initial active 4) (2 cores per cpu, 2 threads per core) family 6 model 37 stepping 5, cmov, cx8, fxsr, mmx, sse, sse2, sse3, ssse3, sse4.1, sse4.2, popcnt, ht, tsc, tscinvbit

Memory: 4k page, physical 3070812k(221564k free), swap 4619100k(6124k free)

vm_info: Java HotSpot(TM) 64-Bit Server VM (25.241-b07) for windows-amd64 JRE (1.8.0_241-b07), built on Dec 11 2019 10:21:40 by "rejava" with MS VC++ 10.0 (VS2010)

time: Fri Sep 18 09:28:08 2020
timezone: RTZ 2 (зима)
elapsed time: 0 seconds (0d 0h 0m 0s)

