#
# There is insufficient memory for the Java Runtime Environment to continue.
# Native memory allocation (malloc) failed to allocate 262160 bytes for Chunk::new
# Possible reasons:
#   The system is out of physical RAM or swap space
#   The process is running with CompressedOops enabled, and the Java Heap may be blocking the growth of the native heap
# Possible solutions:
#   Reduce memory load on the system
#   Increase physical memory or swap space
#   Check if swap backing store is full
#   Decrease Java heap size (-Xmx/-Xms)
#   Decrease number of Java threads
#   Decrease Java thread stack sizes (-Xss)
#   Set larger code cache with -XX:ReservedCodeCacheSize=
#   JVM is running with Unscaled Compressed Oops mode in which the Java heap is
#     placed in the first 4GB address space. The Java Heap base address is the
#     maximum limit for the native heap growth. Please use -XX:HeapBaseMinAddress
#     to set the Java Heap base and to place the Java Heap above 4GB virtual address.
# This output file may be truncated or incomplete.
#
#  Out of Memory Error (allocation.cpp:389), pid=7104, tid=0x0000000000000808
#
# JRE version: Java(TM) SE Runtime Environment (8.0_241-b07) (build 1.8.0_241-b07)
# Java VM: Java HotSpot(TM) 64-Bit Server VM (25.241-b07 mixed mode windows-amd64 compressed oops)
# Failed to write core dump. Minidumps are not enabled by default on client versions of Windows
#

---------------  T H R E A D  ---------------

Current thread (0x0000000014a9e000):  JavaThread "C2 CompilerThread1" daemon [_thread_in_native, id=2056, stack(0x00000000166d0000,0x00000000167d0000)]

Stack: [0x00000000166d0000,0x00000000167d0000]
[error occurred during error reporting (printing stack bounds), id 0xc0000005]

Native frames: (J=compiled Java code, j=interpreted, Vv=VM code, C=native code)


Current CompileTask:
C2:   6136 1611   !   4       java.net.URLClassLoader$1::run (63 bytes)


---------------  P R O C E S S  ---------------

Java Threads: ( => current thread )
  0x00000000161a2800 JavaThread "Service Thread" daemon [_thread_blocked, id=4800, stack(0x00000000168d0000,0x00000000169d0000)]
  0x0000000014a9f800 JavaThread "C1 CompilerThread2" daemon [_thread_blocked, id=7484, stack(0x00000000167d0000,0x00000000168d0000)]
=>0x0000000014a9e000 JavaThread "C2 CompilerThread1" daemon [_thread_in_native, id=2056, stack(0x00000000166d0000,0x00000000167d0000)]
  0x0000000014a9a000 JavaThread "C2 CompilerThread0" daemon [_thread_in_native, id=8512, stack(0x00000000165d0000,0x00000000166d0000)]
  0x0000000016112800 JavaThread "Monitor Ctrl-Break" daemon [_thread_in_native, id=8664, stack(0x00000000164d0000,0x00000000165d0000)]
  0x0000000014a6b000 JavaThread "Attach Listener" daemon [_thread_blocked, id=8448, stack(0x0000000015fd0000,0x00000000160d0000)]
  0x0000000014a64000 JavaThread "Signal Dispatcher" daemon [_thread_blocked, id=6996, stack(0x0000000015ed0000,0x0000000015fd0000)]
  0x0000000002d8c800 JavaThread "Finalizer" daemon [_thread_blocked, id=744, stack(0x0000000015cc0000,0x0000000015dc0000)]
  0x0000000002d83000 JavaThread "Reference Handler" daemon [_thread_blocked, id=8424, stack(0x0000000015bc0000,0x0000000015cc0000)]
  0x0000000002c92800 JavaThread "main" [_thread_in_native, id=5696, stack(0x0000000002910000,0x0000000002a10000)]

Other Threads:
  0x0000000014a28000 VMThread [stack: 0x0000000015ac0000,0x0000000015bc0000] [id=368]
  0x00000000161a6800 WatcherThread [stack: 0x00000000169d0000,0x0000000016ad0000] [id=7624]

VM state:not at safepoint (normal execution)

VM Mutex/Monitor currently owned by a thread: None

heap address: 0x00000000d1200000, size: 750 MB, Compressed Oops mode: 32-bit
Narrow klass base: 0x0000000000000000, Narrow klass shift: 3
Compressed class space size: 1073741824 Address: 0x0000000100000000

Heap:
 PSYoungGen      total 14336K, used 7192K [0x00000000f0600000, 0x00000000f1600000, 0x0000000100000000)
  eden space 12288K, 41% used [0x00000000f0600000,0x00000000f0b063a0,0x00000000f1200000)
  from space 2048K, 100% used [0x00000000f1200000,0x00000000f1400000,0x00000000f1400000)
  to   space 2048K, 0% used [0x00000000f1400000,0x00000000f1400000,0x00000000f1600000)
 ParOldGen       total 32768K, used 9095K [0x00000000d1200000, 0x00000000d3200000, 0x00000000f0600000)
  object space 32768K, 27% used [0x00000000d1200000,0x00000000d1ae1f58,0x00000000d3200000)
 Metaspace       used 14101K, capacity 14344K, committed 14720K, reserved 1062912K
  class space    used 1742K, capacity 1844K, committed 1920K, reserved 1048576K

Card table byte_map: [0x0000000012150000,0x00000000122d0000] byte_map_base: 0x0000000011ac7000

Marking Bits: (ParMarkBitMap*) 0x00000000611ebe30
 Begin Bits: [0x00000000127d0000, 0x0000000013388000)
 End Bits:   [0x0000000013388000, 0x0000000013f40000)

Polling page: 0x0000000000b70000

CodeCache: size=245760Kb used=5568Kb max_used=5568Kb free=240191Kb
 bounds [0x0000000002d90000, 0x0000000003310000, 0x0000000011d90000]
 total_blobs=1981 nmethods=1628 adapters=266
 compilation: enabled

Compilation events (10 events):
Event: 6.069 Thread 0x0000000014a9f800 1628       3       sun.nio.cs.StreamEncoder::ensureOpen (18 bytes)
Event: 6.070 Thread 0x0000000014a9f800 nmethod 1628 0x00000000032f86d0 code [0x00000000032f8840, 0x00000000032f8a88]
Event: 6.070 Thread 0x0000000014a9f800 1629  s    3       java.io.BufferedOutputStream::flush (12 bytes)
Event: 6.070 Thread 0x0000000014a9f800 nmethod 1629 0x00000000032f8b50 code [0x00000000032f8ce0, 0x00000000032f91d8]
Event: 6.070 Thread 0x0000000014a9f800 1630       3       java.io.BufferedOutputStream::flushBuffer (29 bytes)
Event: 6.070 Thread 0x0000000014a9f800 nmethod 1630 0x00000000032f9350 code [0x00000000032f94c0, 0x00000000032f9748]
Event: 6.070 Thread 0x0000000014a9f800 1632   !   3       java.io.BufferedWriter::flushBuffer (53 bytes)
Event: 6.071 Thread 0x0000000014a9f800 nmethod 1632 0x00000000032f9810 code [0x00000000032f99c0, 0x00000000032f9f98]
Event: 6.071 Thread 0x0000000014a9f800 1631  s    3       org.fusesource.jansi.AnsiPrintStream::filter (948 bytes)
Event: 6.081 Thread 0x0000000014a9f800 nmethod 1631 0x00000000032fa250 code [0x00000000032faac0, 0x0000000003300668]

GC Heap History (10 events):
Event: 4.637 GC heap before
{Heap before GC invocations=3 (full 0):
 PSYoungGen      total 14336K, used 14336K [0x00000000f0600000, 0x00000000f1600000, 0x0000000100000000)
  eden space 12288K, 100% used [0x00000000f0600000,0x00000000f1200000,0x00000000f1200000)
  from space 2048K, 100% used [0x00000000f1400000,0x00000000f1600000,0x00000000f1600000)
  to   space 2048K, 0% used [0x00000000f1200000,0x00000000f1200000,0x00000000f1400000)
 ParOldGen       total 32768K, used 1632K [0x00000000d1200000, 0x00000000d3200000, 0x00000000f0600000)
  object space 32768K, 4% used [0x00000000d1200000,0x00000000d1398018,0x00000000d3200000)
 Metaspace       used 8965K, capacity 9116K, committed 9344K, reserved 1056768K
  class space    used 1079K, capacity 1144K, committed 1152K, reserved 1048576K
Event: 4.643 GC heap after
Heap after GC invocations=3 (full 0):
 PSYoungGen      total 14336K, used 2032K [0x00000000f0600000, 0x00000000f1600000, 0x0000000100000000)
  eden space 12288K, 0% used [0x00000000f0600000,0x00000000f0600000,0x00000000f1200000)
  from space 2048K, 99% used [0x00000000f1200000,0x00000000f13fc050,0x00000000f1400000)
  to   space 2048K, 0% used [0x00000000f1400000,0x00000000f1400000,0x00000000f1600000)
 ParOldGen       total 32768K, used 2395K [0x00000000d1200000, 0x00000000d3200000, 0x00000000f0600000)
  object space 32768K, 7% used [0x00000000d1200000,0x00000000d1456ce0,0x00000000d3200000)
 Metaspace       used 8965K, capacity 9116K, committed 9344K, reserved 1056768K
  class space    used 1079K, capacity 1144K, committed 1152K, reserved 1048576K
}
Event: 4.857 GC heap before
{Heap before GC invocations=4 (full 0):
 PSYoungGen      total 14336K, used 14320K [0x00000000f0600000, 0x00000000f1600000, 0x0000000100000000)
  eden space 12288K, 100% used [0x00000000f0600000,0x00000000f1200000,0x00000000f1200000)
  from space 2048K, 99% used [0x00000000f1200000,0x00000000f13fc050,0x00000000f1400000)
  to   space 2048K, 0% used [0x00000000f1400000,0x00000000f1400000,0x00000000f1600000)
 ParOldGen       total 32768K, used 2395K [0x00000000d1200000, 0x00000000d3200000, 0x00000000f0600000)
  object space 32768K, 7% used [0x00000000d1200000,0x00000000d1456ce0,0x00000000d3200000)
 Metaspace       used 9834K, capacity 10002K, committed 10240K, reserved 1058816K
  class space    used 1176K, capacity 1244K, committed 1280K, reserved 1048576K
Event: 4.867 GC heap after
Heap after GC invocations=4 (full 0):
 PSYoungGen      total 14336K, used 2032K [0x00000000f0600000, 0x00000000f1600000, 0x0000000100000000)
  eden space 12288K, 0% used [0x00000000f0600000,0x00000000f0600000,0x00000000f1200000)
  from space 2048K, 99% used [0x00000000f1400000,0x00000000f15fc010,0x00000000f1600000)
  to   space 2048K, 0% used [0x00000000f1200000,0x00000000f1200000,0x00000000f1400000)
 ParOldGen       total 32768K, used 4127K [0x00000000d1200000, 0x00000000d3200000, 0x00000000f0600000)
  object space 32768K, 12% used [0x00000000d1200000,0x00000000d1607e78,0x00000000d3200000)
 Metaspace       used 9834K, capacity 10002K, committed 10240K, reserved 1058816K
  class space    used 1176K, capacity 1244K, committed 1280K, reserved 1048576K
}
Event: 5.186 GC heap before
{Heap before GC invocations=5 (full 0):
 PSYoungGen      total 14336K, used 14320K [0x00000000f0600000, 0x00000000f1600000, 0x0000000100000000)
  eden space 12288K, 100% used [0x00000000f0600000,0x00000000f1200000,0x00000000f1200000)
  from space 2048K, 99% used [0x00000000f1400000,0x00000000f15fc010,0x00000000f1600000)
  to   space 2048K, 0% used [0x00000000f1200000,0x00000000f1200000,0x00000000f1400000)
 ParOldGen       total 32768K, used 4127K [0x00000000d1200000, 0x00000000d3200000, 0x00000000f0600000)
  object space 32768K, 12% used [0x00000000d1200000,0x00000000d1607e78,0x00000000d3200000)
 Metaspace       used 11089K, capacity 11242K, committed 11392K, reserved 1058816K
  class space    used 1334K, capacity 1382K, committed 1408K, reserved 1048576K
Event: 5.194 GC heap after
Heap after GC invocations=5 (full 0):
 PSYoungGen      total 14336K, used 2016K [0x00000000f0600000, 0x00000000f1600000, 0x0000000100000000)
  eden space 12288K, 0% used [0x00000000f0600000,0x00000000f0600000,0x00000000f1200000)
  from space 2048K, 98% used [0x00000000f1200000,0x00000000f13f8020,0x00000000f1400000)
  to   space 2048K, 0% used [0x00000000f1400000,0x00000000f1400000,0x00000000f1600000)
 ParOldGen       total 32768K, used 5625K [0x00000000d1200000, 0x00000000d3200000, 0x00000000f0600000)
  object space 32768K, 17% used [0x00000000d1200000,0x00000000d177e600,0x00000000d3200000)
 Metaspace       used 11089K, capacity 11242K, committed 11392K, reserved 1058816K
  class space    used 1334K, capacity 1382K, committed 1408K, reserved 1048576K
}
Event: 5.501 GC heap before
{Heap before GC invocations=6 (full 0):
 PSYoungGen      total 14336K, used 14304K [0x00000000f0600000, 0x00000000f1600000, 0x0000000100000000)
  eden space 12288K, 100% used [0x00000000f0600000,0x00000000f1200000,0x00000000f1200000)
  from space 2048K, 98% used [0x00000000f1200000,0x00000000f13f8020,0x00000000f1400000)
  to   space 2048K, 0% used [0x00000000f1400000,0x00000000f1400000,0x00000000f1600000)
 ParOldGen       total 32768K, used 5625K [0x00000000d1200000, 0x00000000d3200000, 0x00000000f0600000)
  object space 32768K, 17% used [0x00000000d1200000,0x00000000d177e600,0x00000000d3200000)
 Metaspace       used 12314K, capacity 12568K, committed 12928K, reserved 1060864K
  class space    used 1510K, capacity 1607K, committed 1664K, reserved 1048576K
Event: 5.507 GC heap after
Heap after GC invocations=6 (full 0):
 PSYoungGen      total 14336K, used 2032K [0x00000000f0600000, 0x00000000f1600000, 0x0000000100000000)
  eden space 12288K, 0% used [0x00000000f0600000,0x00000000f0600000,0x00000000f1200000)
  from space 2048K, 99% used [0x00000000f1400000,0x00000000f15fc010,0x00000000f1600000)
  to   space 2048K, 0% used [0x00000000f1200000,0x00000000f1200000,0x00000000f1400000)
 ParOldGen       total 32768K, used 7352K [0x00000000d1200000, 0x00000000d3200000, 0x00000000f0600000)
  object space 32768K, 22% used [0x00000000d1200000,0x00000000d192e170,0x00000000d3200000)
 Metaspace       used 12314K, capacity 12568K, committed 12928K, reserved 1060864K
  class space    used 1510K, capacity 1607K, committed 1664K, reserved 1048576K
}
Event: 5.852 GC heap before
{Heap before GC invocations=7 (full 0):
 PSYoungGen      total 14336K, used 14320K [0x00000000f0600000, 0x00000000f1600000, 0x0000000100000000)
  eden space 12288K, 100% used [0x00000000f0600000,0x00000000f1200000,0x00000000f1200000)
  from space 2048K, 99% used [0x00000000f1400000,0x00000000f15fc010,0x00000000f1600000)
  to   space 2048K, 0% used [0x00000000f1200000,0x00000000f1200000,0x00000000f1400000)
 ParOldGen       total 32768K, used 7352K [0x00000000d1200000, 0x00000000d3200000, 0x00000000f0600000)
  object space 32768K, 22% used [0x00000000d1200000,0x00000000d192e170,0x00000000d3200000)
 Metaspace       used 13513K, capacity 13694K, committed 13824K, reserved 1060864K
  class space    used 1692K, capacity 1768K, committed 1792K, reserved 1048576K
Event: 5.859 GC heap after
Heap after GC invocations=7 (full 0):
 PSYoungGen      total 14336K, used 2048K [0x00000000f0600000, 0x00000000f1600000, 0x0000000100000000)
  eden space 12288K, 0% used [0x00000000f0600000,0x00000000f0600000,0x00000000f1200000)
  from space 2048K, 100% used [0x00000000f1200000,0x00000000f1400000,0x00000000f1400000)
  to   space 2048K, 0% used [0x00000000f1400000,0x00000000f1400000,0x00000000f1600000)
 ParOldGen       total 32768K, used 9095K [0x00000000d1200000, 0x00000000d3200000, 0x00000000f0600000)
  object space 32768K, 27% used [0x00000000d1200000,0x00000000d1ae1f58,0x00000000d3200000)
 Metaspace       used 13513K, capacity 13694K, committed 13824K, reserved 1060864K
  class space    used 1692K, capacity 1768K, committed 1792K, reserved 1048576K
}

Deoptimization events (10 events):
Event: 4.376 Thread 0x0000000002c92800 Uncommon trap: reason=unstable_if action=reinterpret pc=0x000000000306ebc0 method=sun.nio.cs.StreamDecoder.implRead([CII)I @ 71
Event: 4.411 Thread 0x0000000002c92800 Uncommon trap: reason=unstable_if action=reinterpret pc=0x0000000003076e28 method=sun.nio.cs.StreamDecoder.implRead([CII)I @ 197
Event: 4.479 Thread 0x0000000002c92800 Uncommon trap: reason=unstable_if action=reinterpret pc=0x000000000308e298 method=org.codehaus.plexus.util.xml.pull.MXParser.nextImpl()I @ 200
Event: 4.574 Thread 0x0000000002c92800 Uncommon trap: reason=unstable_if action=reinterpret pc=0x0000000003089958 method=sun.nio.cs.StreamDecoder.implRead([CII)I @ 197
Event: 4.582 Thread 0x0000000002c92800 Uncommon trap: reason=unstable_if action=reinterpret pc=0x0000000003095e38 method=org.codehaus.plexus.util.xml.pull.MXParser.nextImpl()I @ 241
Event: 4.678 Thread 0x0000000002c92800 Uncommon trap: reason=unstable_if action=reinterpret pc=0x0000000003037900 method=java.util.HashMap.getNode(ILjava/lang/Object;)Ljava/util/HashMap$Node; @ 129
Event: 4.694 Thread 0x0000000002c92800 Uncommon trap: reason=range_check action=make_not_entrant pc=0x00000000030dcda0 method=sun.reflect.generics.parser.SignatureParser.current()C @ 34
Event: 6.011 Thread 0x0000000002c92800 Uncommon trap: reason=unstable_if action=reinterpret pc=0x00000000032bbe90 method=org.eclipse.sisu.inject.InjectorBindings.isAssignableFrom(Lcom/google/inject/TypeLiteral;Lcom/google/inject/Binding;)Z @ 14
Event: 6.014 Thread 0x0000000002c92800 Uncommon trap: reason=null_check action=make_not_entrant pc=0x0000000002f6c794 method=java.lang.String.equals(Ljava/lang/Object;)Z @ 8
Event: 6.023 Thread 0x0000000002c92800 Uncommon trap: reason=unstable_if action=reinterpret pc=0x0000000002fb03e4 method=sun.misc.MetaIndex.mayContain(Ljava/lang/String;)Z @ 38

Classes redefined (0 events):
No events

Internal exceptions (10 events):
Event: 4.221 Thread 0x0000000002c92800 Exception <a 'java/lang/ArrayIndexOutOfBoundsException'> (0x00000000f07adab8) thrown at [C:\ade\jenkins\workspace\8-2-build-windows-amd64-cygwin\jdk8u241\331\hotspot\src\share\vm\runtime\sharedRuntime.cpp, line 605]
Event: 4.225 Thread 0x0000000002c92800 Exception <a 'java/lang/ArrayIndexOutOfBoundsException'> (0x00000000f07cf278) thrown at [C:\ade\jenkins\workspace\8-2-build-windows-amd64-cygwin\jdk8u241\331\hotspot\src\share\vm\runtime\sharedRuntime.cpp, line 605]
Event: 4.243 Thread 0x0000000002c92800 Exception <a 'java/lang/ArrayIndexOutOfBoundsException'> (0x00000000f0818340) thrown at [C:\ade\jenkins\workspace\8-2-build-windows-amd64-cygwin\jdk8u241\331\hotspot\src\share\vm\runtime\sharedRuntime.cpp, line 605]
Event: 4.591 Thread 0x0000000002c92800 Exception <a 'java/lang/ArrayIndexOutOfBoundsException'> (0x00000000f10c7700) thrown at [C:\ade\jenkins\workspace\8-2-build-windows-amd64-cygwin\jdk8u241\331\hotspot\src\share\vm\runtime\sharedRuntime.cpp, line 605]
Event: 4.592 Thread 0x0000000002c92800 Exception <a 'java/lang/ArrayIndexOutOfBoundsException'> (0x00000000f10cc060) thrown at [C:\ade\jenkins\workspace\8-2-build-windows-amd64-cygwin\jdk8u241\331\hotspot\src\share\vm\runtime\sharedRuntime.cpp, line 605]
Event: 4.694 Thread 0x0000000002c92800 Exception <a 'java/lang/ArrayIndexOutOfBoundsException': 66> (0x00000000f085fe48) thrown at [C:\ade\jenkins\workspace\8-2-build-windows-amd64-cygwin\jdk8u241\331\hotspot\src\share\vm\interpreter\interpreterRuntime.cpp, line 368]
Event: 5.834 Thread 0x0000000002c92800 Exception <a 'java/lang/NoClassDefFoundError': com/google/inject/servlet/ServletModuleTargetVisitor> (0x00000000f115b230) thrown at [C:\ade\jenkins\workspace\8-2-build-windows-amd64-cygwin\jdk8u241\331\hotspot\src\share\vm\classfile\systemDictionary.cpp, 
Event: 5.834 Thread 0x0000000002c92800 Exception <a 'java/lang/NoClassDefFoundError'> (0x00000000f115b230) thrown at [C:\ade\jenkins\workspace\8-2-build-windows-amd64-cygwin\jdk8u241\331\hotspot\src\share\vm\prims\jvm.cpp, line 1506]
Event: 5.834 Thread 0x0000000002c92800 Exception <a 'java/lang/NoClassDefFoundError': javax/annotation/Priority> (0x00000000f1160238) thrown at [C:\ade\jenkins\workspace\8-2-build-windows-amd64-cygwin\jdk8u241\331\hotspot\src\share\vm\classfile\systemDictionary.cpp, line 199]
Event: 6.014 Thread 0x0000000002c92800 Implicit null exception at 0x0000000002f6c5db to 0x0000000002f6c785

Events (10 events):
Event: 6.060 loading class org/apache/maven/settings/building/DefaultSettingsBuildingResult
Event: 6.060 loading class org/apache/maven/settings/building/DefaultSettingsBuildingResult done
Event: 6.066 loading class org/apache/maven/toolchain/building/DefaultToolchainsBuildingRequest
Event: 6.066 loading class org/apache/maven/toolchain/building/DefaultToolchainsBuildingRequest done
Event: 6.074 loading class org/apache/maven/building/ProblemCollectorFactory
Event: 6.074 loading class org/apache/maven/building/ProblemCollectorFactory done
Event: 6.075 loading class org/apache/maven/building/DefaultProblemCollector
Event: 6.075 loading class org/apache/maven/building/DefaultProblemCollector done
Event: 6.076 loading class org/apache/maven/toolchain/model/io/xpp3/MavenToolchainsXpp3Reader
Event: 6.076 loading class org/apache/maven/toolchain/model/io/xpp3/MavenToolchainsXpp3Reader done


Dynamic libraries:
0x00007ff708110000 - 0x00007ff708147000 	C:\Program Files\Java\jdk1.8.0_241\bin\java.exe
0x00007fffd1340000 - 0x00007fffd1530000 	C:\WINDOWS\SYSTEM32\ntdll.dll
0x00007fffd0ae0000 - 0x00007fffd0b92000 	C:\WINDOWS\System32\KERNEL32.DLL
0x00007fffcea50000 - 0x00007fffcecf5000 	C:\WINDOWS\System32\KERNELBASE.dll
0x00007fffcfb50000 - 0x00007fffcfbf3000 	C:\WINDOWS\System32\ADVAPI32.dll
0x00007fffcf490000 - 0x00007fffcf52e000 	C:\WINDOWS\System32\msvcrt.dll
0x00007fffd1060000 - 0x00007fffd10f7000 	C:\WINDOWS\System32\sechost.dll
0x00007fffcff30000 - 0x00007fffd0050000 	C:\WINDOWS\System32\RPCRT4.dll
0x00007fffcfc00000 - 0x00007fffcfd95000 	C:\WINDOWS\System32\USER32.dll
0x00007fffcf250000 - 0x00007fffcf271000 	C:\WINDOWS\System32\win32u.dll
0x00007fffd0890000 - 0x00007fffd08b6000 	C:\WINDOWS\System32\GDI32.dll
0x00007fffcf0b0000 - 0x00007fffcf246000 	C:\WINDOWS\System32\gdi32full.dll
0x00007fffcf280000 - 0x00007fffcf31e000 	C:\WINDOWS\System32\msvcp_win.dll
0x00007fffcedb0000 - 0x00007fffceeaa000 	C:\WINDOWS\System32\ucrtbase.dll
0x00007fffbd9e0000 - 0x00007fffbdc64000 	C:\WINDOWS\WinSxS\amd64_microsoft.windows.common-controls_6595b64144ccf1df_6.0.18362.1082_none_9e8193e1e45b25c1\COMCTL32.dll
0x00007fffd0d20000 - 0x00007fffd1055000 	C:\WINDOWS\System32\combase.dll
0x00007fffceee0000 - 0x00007fffcef60000 	C:\WINDOWS\System32\bcryptPrimitives.dll
0x00007fffd12d0000 - 0x00007fffd12fe000 	C:\WINDOWS\System32\IMM32.DLL
0x0000000061270000 - 0x0000000061342000 	C:\Program Files\Java\jdk1.8.0_241\jre\bin\msvcr100.dll
0x00000000609c0000 - 0x000000006126c000 	C:\Program Files\Java\jdk1.8.0_241\jre\bin\server\jvm.dll
0x00007fffcf3f0000 - 0x00007fffcf3f8000 	C:\WINDOWS\System32\PSAPI.DLL
0x00007fffcb770000 - 0x00007fffcb794000 	C:\WINDOWS\SYSTEM32\WINMM.dll
0x00007fffc6a60000 - 0x00007fffc6a6a000 	C:\WINDOWS\SYSTEM32\VERSION.dll
0x00007fffcb740000 - 0x00007fffcb76d000 	C:\WINDOWS\SYSTEM32\winmmbase.dll
0x00007fffcf3a0000 - 0x00007fffcf3ea000 	C:\WINDOWS\System32\cfgmgr32.dll
0x00007fffc4b10000 - 0x00007fffc4b19000 	C:\WINDOWS\SYSTEM32\WSOCK32.dll
0x00007fffd1100000 - 0x00007fffd116f000 	C:\WINDOWS\System32\ws2_32.DLL
0x00007fffcb840000 - 0x00007fffcb84f000 	C:\Program Files\Java\jdk1.8.0_241\jre\bin\verify.dll
0x00007fffc3ac0000 - 0x00007fffc3ae9000 	C:\Program Files\Java\jdk1.8.0_241\jre\bin\java.dll
0x00007fffbc560000 - 0x00007fffbc583000 	C:\Program Files\Java\jdk1.8.0_241\jre\bin\instrument.dll
0x00007fffcb7b0000 - 0x00007fffcb7c6000 	C:\Program Files\Java\jdk1.8.0_241\jre\bin\zip.dll
0x00007fffd0050000 - 0x00007fffd0737000 	C:\WINDOWS\System32\SHELL32.dll
0x00007fffcfda0000 - 0x00007fffcfe49000 	C:\WINDOWS\System32\shcore.dll
0x00007fffce2d0000 - 0x00007fffcea50000 	C:\WINDOWS\System32\windows.storage.dll
0x00007fffce2a0000 - 0x00007fffce2c3000 	C:\WINDOWS\System32\profapi.dll
0x00007fffce210000 - 0x00007fffce25a000 	C:\WINDOWS\System32\powrprof.dll
0x00007fffce200000 - 0x00007fffce210000 	C:\WINDOWS\System32\UMPDC.dll
0x00007fffd0830000 - 0x00007fffd0882000 	C:\WINDOWS\System32\shlwapi.dll
0x00007fffce280000 - 0x00007fffce291000 	C:\WINDOWS\System32\kernel.appcore.dll
0x00007fffcf380000 - 0x00007fffcf397000 	C:\WINDOWS\System32\cryptsp.dll
0x0000000062350000 - 0x0000000062361000 	C:\Program Files\Common Files\Crypto Pro\AppCompat\cpadvai.dll
0x0000000062370000 - 0x0000000062377000 	C:\Program Files\Common Files\Crypto Pro\AppCompat\detoured.dll
0x00007fffc4a40000 - 0x00007fffc4a5a000 	C:\Program Files\JetBrains\IntelliJ IDEA 2020.2.1\bin\breakgen64.dll
0x00007fffbbb50000 - 0x00007fffbbb6a000 	C:\Program Files\Java\jdk1.8.0_241\jre\bin\net.dll
0x00007fffcd570000 - 0x00007fffcd5d7000 	C:\WINDOWS\system32\mswsock.dll
0x00007fffcd0e0000 - 0x00007fffcd113000 	C:\WINDOWS\system32\rsaenh.dll
0x00007fffceeb0000 - 0x00007fffceed6000 	C:\WINDOWS\System32\bcrypt.dll
0x00007fffce120000 - 0x00007fffce145000 	C:\WINDOWS\SYSTEM32\USERENV.dll
0x00007fffcdbc0000 - 0x00007fffcdbcc000 	C:\WINDOWS\SYSTEM32\CRYPTBASE.dll
0x00007fffcd280000 - 0x00007fffcd2ba000 	C:\WINDOWS\SYSTEM32\IPHLPAPI.DLL
0x00007fffcf400000 - 0x00007fffcf408000 	C:\WINDOWS\System32\NSI.dll
0x00007fffc57b0000 - 0x00007fffc57c6000 	C:\WINDOWS\SYSTEM32\dhcpcsvc6.DLL
0x00007fffc5790000 - 0x00007fffc57ac000 	C:\WINDOWS\SYSTEM32\dhcpcsvc.DLL
0x00007fffcd2c0000 - 0x00007fffcd38b000 	C:\WINDOWS\SYSTEM32\DNSAPI.dll
0x00007fffb9cc0000 - 0x00007fffb9cd2000 	C:\Program Files\Java\jdk1.8.0_241\jre\bin\nio.dll
0x00007fffc6850000 - 0x00007fffc685a000 	C:\Users\chugu\AppData\Local\Temp\jansi-1.17.1-2669839890891665799.dll
0x00007fffc4b40000 - 0x00007fffc4b4a000 	C:\Users\chugu\AppData\Local\Temp\jansi-1.17.1-957961194816680858.dll

VM Arguments:
jvm_args: -Dmaven.multiModuleProjectDirectory=C:\Users\chugu\IdeaProjects\CoreTaskTemplate-master -Dmaven.home=C:\Program Files\JetBrains\IntelliJ IDEA Community Edition 2019.3.4\plugins\maven\lib\maven3 -Dclassworlds.conf=C:\Program Files\JetBrains\IntelliJ IDEA Community Edition 2019.3.4\plugins\maven\lib\maven3\bin\m2.conf -Dmaven.ext.class.path=C:\Program Files\JetBrains\IntelliJ IDEA 2020.2.1\plugins\maven\lib\maven-event-listener.jar -javaagent:C:\Program Files\JetBrains\IntelliJ IDEA 2020.2.1\lib\idea_rt.jar=54733:C:\Program Files\JetBrains\IntelliJ IDEA 2020.2.1\bin -Dfile.encoding=UTF-8 
java_command: org.codehaus.classworlds.Launcher -Didea.version=2020.2.1 compile
java_class_path (initial): C:\Program Files\JetBrains\IntelliJ IDEA Community Edition 2019.3.4\plugins\maven\lib\maven3\boot\plexus-classworlds-2.6.0.jar;C:\Program Files\JetBrains\IntelliJ IDEA Community Edition 2019.3.4\plugins\maven\lib\maven3\boot\plexus-classworlds.license;C:\Program Files\JetBrains\IntelliJ IDEA 2020.2.1\lib\idea_rt.jar
Launcher Type: SUN_STANDARD

Environment Variables:
JAVA_HOME=C:\Program Files\Java\jdk1.8.0_241
PATH=C:\Program Files (x86)\Common Files\Oracle\Java\javapath;C:\WINDOWS\system32;C:\WINDOWS;C:\WINDOWS\System32\Wbem;C:\WINDOWS\System32\WindowsPowerShell\v1.0\;C:\WINDOWS\System32\OpenSSH\;C:\Program Files (x86)\ATI Technologies\ATI.ACE\Core-Static;"C:\Program Files (x86)\AMD\ATI.ACE\Core-Static\C:\Program Files\Java\jdk1.8.0_241\bin;%GRADLE_HOME%\bin;";C:\Program Files\Git\cmd;C:\Program Files\apache-maven-3.6.3\bin;C:\Program Files\gradle-6.6.1-bin;C:\Program Files\MySQL\MySQL Shell 8.0\bin\;C:\Users\chugu\AppData\Local\Microsoft\WindowsApps;"C:\Users\chugu\AppData\Local\Programs\Microsoft VS Code\bin;C:\Program Files\gradle-6.6.1-bin\gradle-6.6.1\bin;";
USERNAME=chugu
OS=Windows_NT
PROCESSOR_IDENTIFIER=Intel64 Family 6 Model 37 Stepping 5, GenuineIntel



---------------  S Y S T E M  ---------------

OS: Windows 10.0 , 64 bit Build 18362 (10.0.18362.1082)

CPU:total 4 (initial active 4) (2 cores per cpu, 2 threads per core) family 6 model 37 stepping 5, cmov, cx8, fxsr, mmx, sse, sse2, sse3, ssse3, sse4.1, sse4.2, popcnt, ht, tsc, tscinvbit

Memory: 4k page, physical 3070812k(263196k free), swap 4619100k(5132k free)

vm_info: Java HotSpot(TM) 64-Bit Server VM (25.241-b07) for windows-amd64 JRE (1.8.0_241-b07), built on Dec 11 2019 10:21:40 by "rejava" with MS VC++ 10.0 (VS2010)

time: Fri Sep 18 09:29:44 2020
timezone: RTZ 2 (зима)
elapsed time: 6 seconds (0d 0h 0m 6s)

